<?xml version="1.0" encoding="UTF-8"?>
<coverage generated="1758567389153" clover="3.2.0">
  <project timestamp="1758567389153" name="All files">
    <metrics statements="7" coveredstatements="7" conditionals="2" coveredconditionals="2" methods="3" coveredmethods="3" elements="12" coveredelements="12" complexity="0" loc="7" ncloc="7" packages="1" files="1" classes="1"/>
    <file name="Email.ts" path="/home/node/app/src/domain/value-objects/Email.ts">
      <metrics statements="7" coveredstatements="7" conditionals="2" coveredconditionals="2" methods="3" coveredmethods="3"/>
      <line num="1" count="1" type="stmt"/>
      <line num="2" count="1" type="stmt"/>
      <line num="5" count="2" type="cond" truecount="2" falsecount="0"/>
      <line num="6" count="1" type="stmt"/>
      <line num="8" count="1" type="stmt"/>
      <line num="12" count="2" type="stmt"/>
      <line num="13" count="2" type="stmt"/>
    </file>
  </project>
</coverage>
