<?xml version="1.0" encoding="UTF-8"?>
<coverage generated="1758569601341" clover="3.2.0">
  <project timestamp="1758569601341" name="All files">
    <metrics statements="22" coveredstatements="22" conditionals="14" coveredconditionals="13" methods="6" coveredmethods="6" elements="42" coveredelements="41" complexity="0" loc="22" ncloc="22" packages="1" files="2" classes="2"/>
    <file name="Email.ts" path="/home/node/app/src/domain/value-objects/Email.ts">
      <metrics statements="7" coveredstatements="7" conditionals="2" coveredconditionals="2" methods="3" coveredmethods="3"/>
      <line num="1" count="1" type="stmt"/>
      <line num="2" count="1" type="stmt"/>
      <line num="5" count="2" type="cond" truecount="2" falsecount="0"/>
      <line num="6" count="1" type="stmt"/>
      <line num="8" count="1" type="stmt"/>
      <line num="12" count="2" type="stmt"/>
      <line num="13" count="2" type="stmt"/>
    </file>
    <file name="Password.ts" path="/home/node/app/src/domain/value-objects/Password.ts">
      <metrics statements="15" coveredstatements="15" conditionals="12" coveredconditionals="11" methods="3" coveredmethods="3"/>
      <line num="1" count="1" type="stmt"/>
      <line num="2" count="1" type="stmt"/>
      <line num="5" count="6" type="cond" truecount="1" falsecount="1"/>
      <line num="6" count="1" type="stmt"/>
      <line num="11" count="6" type="cond" truecount="2" falsecount="0"/>
      <line num="12" count="1" type="stmt"/>
      <line num="13" count="5" type="cond" truecount="2" falsecount="0"/>
      <line num="14" count="1" type="stmt"/>
      <line num="15" count="4" type="cond" truecount="2" falsecount="0"/>
      <line num="16" count="1" type="stmt"/>
      <line num="17" count="3" type="cond" truecount="2" falsecount="0"/>
      <line num="18" count="1" type="stmt"/>
      <line num="19" count="2" type="cond" truecount="2" falsecount="0"/>
      <line num="20" count="1" type="stmt"/>
      <line num="22" count="1" type="stmt"/>
    </file>
  </project>
</coverage>
