{"/home/node/app/src/domain/value-objects/Email.ts": {"path":"/home/node/app/src/domain/value-objects/Email.ts","statementMap":{"0":{"start":{"line":2,"column":33},"end":{"line":2,"column":46}},"1":{"start":{"line":5,"column":8},"end":{"line":7,"column":9}},"2":{"start":{"line":6,"column":12},"end":{"line":6,"column":null}},"3":{"start":{"line":8,"column":8},"end":{"line":8,"column":null}},"4":{"start":{"line":12,"column":27},"end":{"line":12,"column":78}},"5":{"start":{"line":13,"column":8},"end":{"line":13,"column":null}},"6":{"start":{"line":1,"column":0},"end":{"line":1,"column":13}}},"fnMap":{"0":{"name":"(anonymous_0)","decl":{"start":{"line":2,"column":4},"end":{"line":2,"column":33}},"loc":{"start":{"line":2,"column":46},"end":{"line":2,"column":51}}},"1":{"name":"(anonymous_1)","decl":{"start":{"line":4,"column":4},"end":{"line":4,"column":10}},"loc":{"start":{"line":4,"column":31},"end":{"line":9,"column":5}}},"2":{"name":"(anonymous_2)","decl":{"start":{"line":11,"column":12},"end":{"line":11,"column":18}},"loc":{"start":{"line":11,"column":41},"end":{"line":14,"column":5}}}},"branchMap":{"0":{"loc":{"start":{"line":5,"column":8},"end":{"line":7,"column":9}},"type":"if","locations":[{"start":{"line":5,"column":8},"end":{"line":7,"column":9}},{"start":{},"end":{}}]}},"s":{"0":1,"1":2,"2":1,"3":1,"4":2,"5":2,"6":1},"f":{"0":1,"1":2,"2":2},"b":{"0":[1,1]}}
,"/home/node/app/src/domain/value-objects/Password.ts": {"path":"/home/node/app/src/domain/value-objects/Password.ts","statementMap":{"0":{"start":{"line":2,"column":33},"end":{"line":2,"column":46}},"1":{"start":{"line":5,"column":8},"end":{"line":7,"column":9}},"2":{"start":{"line":6,"column":12},"end":{"line":6,"column":null}},"3":{"start":{"line":11,"column":8},"end":{"line":21,"column":9}},"4":{"start":{"line":12,"column":12},"end":{"line":12,"column":null}},"5":{"start":{"line":13,"column":15},"end":{"line":21,"column":9}},"6":{"start":{"line":14,"column":12},"end":{"line":14,"column":null}},"7":{"start":{"line":15,"column":15},"end":{"line":21,"column":9}},"8":{"start":{"line":16,"column":12},"end":{"line":16,"column":null}},"9":{"start":{"line":17,"column":15},"end":{"line":21,"column":9}},"10":{"start":{"line":18,"column":12},"end":{"line":18,"column":null}},"11":{"start":{"line":19,"column":15},"end":{"line":21,"column":9}},"12":{"start":{"line":20,"column":12},"end":{"line":20,"column":84}},"13":{"start":{"line":22,"column":8},"end":{"line":22,"column":null}},"14":{"start":{"line":1,"column":0},"end":{"line":1,"column":13}}},"fnMap":{"0":{"name":"(anonymous_0)","decl":{"start":{"line":2,"column":4},"end":{"line":2,"column":33}},"loc":{"start":{"line":2,"column":46},"end":{"line":2,"column":51}}},"1":{"name":"(anonymous_1)","decl":{"start":{"line":4,"column":4},"end":{"line":4,"column":10}},"loc":{"start":{"line":4,"column":30},"end":{"line":8,"column":5}}},"2":{"name":"(anonymous_2)","decl":{"start":{"line":10,"column":12},"end":{"line":10,"column":18}},"loc":{"start":{"line":10,"column":40},"end":{"line":23,"column":5}}}},"branchMap":{"0":{"loc":{"start":{"line":5,"column":8},"end":{"line":7,"column":9}},"type":"if","locations":[{"start":{"line":5,"column":8},"end":{"line":7,"column":9}},{"start":{},"end":{}}]},"1":{"loc":{"start":{"line":11,"column":8},"end":{"line":21,"column":9}},"type":"if","locations":[{"start":{"line":11,"column":8},"end":{"line":21,"column":9}},{"start":{"line":13,"column":15},"end":{"line":21,"column":9}}]},"2":{"loc":{"start":{"line":13,"column":15},"end":{"line":21,"column":9}},"type":"if","locations":[{"start":{"line":13,"column":15},"end":{"line":21,"column":9}},{"start":{"line":15,"column":15},"end":{"line":21,"column":9}}]},"3":{"loc":{"start":{"line":15,"column":15},"end":{"line":21,"column":9}},"type":"if","locations":[{"start":{"line":15,"column":15},"end":{"line":21,"column":9}},{"start":{"line":17,"column":15},"end":{"line":21,"column":9}}]},"4":{"loc":{"start":{"line":17,"column":15},"end":{"line":21,"column":9}},"type":"if","locations":[{"start":{"line":17,"column":15},"end":{"line":21,"column":9}},{"start":{"line":19,"column":15},"end":{"line":21,"column":9}}]},"5":{"loc":{"start":{"line":19,"column":15},"end":{"line":21,"column":9}},"type":"if","locations":[{"start":{"line":19,"column":15},"end":{"line":21,"column":9}},{"start":{},"end":{}}]}},"s":{"0":1,"1":6,"2":1,"3":6,"4":1,"5":5,"6":1,"7":4,"8":1,"9":3,"10":1,"11":2,"12":1,"13":1,"14":1},"f":{"0":1,"1":6,"2":6},"b":{"0":[1,0],"1":[1,5],"2":[1,4],"3":[1,3],"4":[1,2],"5":[1,1]}}
}
