{"/home/node/app/src/domain/value-objects/Email.ts": {"path":"/home/node/app/src/domain/value-objects/Email.ts","statementMap":{"0":{"start":{"line":2,"column":33},"end":{"line":2,"column":46}},"1":{"start":{"line":5,"column":8},"end":{"line":7,"column":9}},"2":{"start":{"line":6,"column":12},"end":{"line":6,"column":null}},"3":{"start":{"line":8,"column":8},"end":{"line":8,"column":null}},"4":{"start":{"line":12,"column":27},"end":{"line":12,"column":78}},"5":{"start":{"line":13,"column":8},"end":{"line":13,"column":null}},"6":{"start":{"line":1,"column":0},"end":{"line":1,"column":13}}},"fnMap":{"0":{"name":"(anonymous_0)","decl":{"start":{"line":2,"column":4},"end":{"line":2,"column":33}},"loc":{"start":{"line":2,"column":46},"end":{"line":2,"column":51}}},"1":{"name":"(anonymous_1)","decl":{"start":{"line":4,"column":4},"end":{"line":4,"column":10}},"loc":{"start":{"line":4,"column":31},"end":{"line":9,"column":5}}},"2":{"name":"(anonymous_2)","decl":{"start":{"line":11,"column":12},"end":{"line":11,"column":18}},"loc":{"start":{"line":11,"column":41},"end":{"line":14,"column":5}}}},"branchMap":{"0":{"loc":{"start":{"line":5,"column":8},"end":{"line":7,"column":9}},"type":"if","locations":[{"start":{"line":5,"column":8},"end":{"line":7,"column":9}},{"start":{},"end":{}}]}},"s":{"0":1,"1":2,"2":1,"3":1,"4":2,"5":2,"6":1},"f":{"0":1,"1":2,"2":2},"b":{"0":[1,1]}}
}
